<?xml version="1.0" encoding="UTF-8"?>
<testng-results ignored="0" total="1" passed="1" failed="0" skipped="0">
  <reporter-output>
    <line>
      <![CDATA[CreateCustomer]]>
    </line>
  </reporter-output>
  <suite started-at="2024-01-08T17:01:59 IST" name="Suite" finished-at="2024-01-08T17:01:59 IST" duration-ms="41">
    <groups>
    </groups>
    <test started-at="2024-01-08T17:01:59 IST" name="Test" finished-at="2024-01-08T17:01:59 IST" duration-ms="41">
      <class name="com.actitime.testscript.CreateModule">
        <test-method signature="CreateCustomer()[pri:0, instance:com.actitime.testscript.CreateModule@6379eb]" started-at="2024-01-08T17:01:59 IST" name="CreateCustomer" finished-at="2024-01-08T17:01:59 IST" duration-ms="10" status="PASS">
          <reporter-output>
            <line>
              <![CDATA[CreateCustomer]]>
            </line>
          </reporter-output>
        </test-method> <!-- CreateCustomer -->
      </class> <!-- com.actitime.testscript.CreateModule -->
    </test> <!-- Test -->
  </suite> <!-- Suite -->
</testng-results>
